<?xml version="1.0" encoding="UTF-8"?>
<Site BuildName="(empty)"
	BuildStamp="20240125-1405-Experimental"
	Name="dc6d1f16d82d"
	Generator="ctest-3.16.3"
	CompilerName="/usr/bin/aarch64-linux-gnu-g++"
	CompilerVersion="9.4.0"
	OSName="Linux"
	Hostname="dc6d1f16d82d"
	OSRelease="5.15.122-tegra"
	OSVersion="#1 SMP PREEMPT Thu Nov 30 10:30:37 PST 2023"
	OSPlatform="aarch64"
	Is64Bits="1"
	VendorString=""
	VendorID="Unknown Manufacturer"
	FamilyID="8"
	ModelID="0"
	ProcessorCacheSize="0"
	NumberOfLogicalCPU="8"
	NumberOfPhysicalCPU="1"
	TotalVirtualMemory="7828"
	TotalPhysicalMemory="15656"
	LogicalProcessorsPerPhysical="8"
	ProcessorClockFrequency="0"
	>
	<Testing>
		<StartDateTime>Jan 25 14:05 UTC</StartDateTime>
		<StartTestTime>1706191512</StartTestTime>
		<TestList/>
		<EndDateTime>Jan 25 14:05 UTC</EndDateTime>
		<EndTestTime>1706191512</EndTestTime>
		<ElapsedMinutes>0</ElapsedMinutes>
	</Testing>
</Site>
